<?xml version="1.0" encoding="UTF-8"?>
<!-- Generated by org.testng.reporters.JUnitReportReporter -->
<testsuite hostname="Dell123" name="demo.OrangeHRM" tests="1" failures="0" timestamp="21 May 2022 15:12:36 GMT" time="5.633" errors="0">
  <testcase name="login" time="5.633" classname="demo.OrangeHRM"/>
</testsuite> <!-- demo.OrangeHRM -->
