<?xml version="1.0" encoding="UTF-8"?>
<!-- Generated by org.testng.reporters.JUnitReportReporter -->
<testsuite hostname="Dell123" name="demo.OrangeHRM1" tests="1" failures="0" timestamp="21 May 2022 15:27:56 GMT" time="21.489" errors="0">
  <testcase name="HRM" time="21.489" classname="demo.OrangeHRM1"/>
</testsuite> <!-- demo.OrangeHRM1 -->
