<?xml version="1.0" encoding="UTF-8"?>
<!-- Generated by org.testng.reporters.JUnitReportReporter -->
<testsuite skipped="0" hostname="Dell123" name="TestNG.PriorityInTestNG" tests="3" failures="0" timestamp="2023-06-12T12:10:23 IST" time="0.007" errors="0">
  <testcase name="logout" time="0.004" classname="TestNG.PriorityInTestNG"/>
  <system-out/>
  <testcase name="login" time="0.001" classname="TestNG.PriorityInTestNG"/>
  <system-out/>
  <testcase name="sendEmail" time="0.002" classname="TestNG.PriorityInTestNG"/>
  <system-out/>
</testsuite> <!-- TestNG.PriorityInTestNG -->
