<?xml version="1.0" encoding="UTF-8"?>
<!-- Generated by org.testng.reporters.JUnitReportReporter -->
<testsuite skipped="0" hostname="Dell123" name="TestNG.BeforeMethodandAfterMethod" tests="3" failures="0" timestamp="2022-05-16T14:21:42 IST" time="0.023" errors="0">
  <testcase name="VerifyLogIn" time="0.018" classname="TestNG.BeforeMethodandAfterMethod"/>
  <system-out/>
  <testcase name="CreateTask" time="0.002" classname="TestNG.BeforeMethodandAfterMethod"/>
  <system-out/>
  <testcase name="DeleteTask" time="0.003" classname="TestNG.BeforeMethodandAfterMethod"/>
  <system-out/>
</testsuite> <!-- TestNG.BeforeMethodandAfterMethod -->
