<?xml version="1.0" encoding="UTF-8"?>
<!-- Generated by org.testng.reporters.JUnitReportReporter -->
<testsuite skipped="0" hostname="Dell123" name="TestNG.Annotation" tests="3" failures="0" timestamp="2022-05-17T14:00:51 IST" time="0.018" errors="0">
  <testcase name="VerifyLogIn" time="0.008" classname="TestNG.Annotation"/>
  <system-out/>
  <testcase name="CreateTask" time="0.004" classname="TestNG.Annotation"/>
  <system-out/>
  <testcase name="DeleteTask" time="0.006" classname="TestNG.Annotation"/>
  <system-out/>
</testsuite> <!-- TestNG.Annotation -->
