<?xml version="1.0" encoding="UTF-8"?>
<!-- Generated by org.testng.reporters.JUnitReportReporter -->
<testsuite skipped="0" hostname="Dell123" name="TestNG.DependsOnMethod" tests="3" failures="0" timestamp="2023-06-12T12:10:23 IST" time="0.006" errors="0">
  <testcase name="logIn" time="0.002" classname="TestNG.DependsOnMethod"/>
  <system-out/>
  <testcase name="signIn" time="0.002" classname="TestNG.DependsOnMethod"/>
  <system-out/>
  <testcase name="checkNotification" time="0.002" classname="TestNG.DependsOnMethod"/>
  <system-out/>
</testsuite> <!-- TestNG.DependsOnMethod -->
