<?xml version="1.0" encoding="UTF-8"?>
<!-- Generated by org.testng.reporters.JUnitReportReporter -->
<testsuite skipped="0" hostname="Dell123" name="TestNG.DemoTestNG2" tests="1" failures="0" timestamp="2022-05-16T10:11:29 IST" time="40.480" errors="0">
  <testcase name="TestCase2" time="40.480" classname="TestNG.DemoTestNG2"/>
  <system-out/>
</testsuite> <!-- TestNG.DemoTestNG2 -->
