<?xml version="1.0" encoding="UTF-8"?>
<!-- Generated by org.testng.reporters.JUnitReportReporter -->
<testsuite skipped="1" hostname="Dell123" name="TestNG.EnableTrueFalse" tests="3" failures="0" timestamp="2022-05-16T12:55:42 IST" time="0.015" errors="0">
  <testcase name="enable1" time="0.013" classname="TestNG.EnableTrueFalse"/>
  <system-out/>
  <testcase name="enable3" time="0.002" classname="TestNG.EnableTrueFalse"/>
  <system-out/>
  <testcase name="enable2" classname="TestNG.EnableTrueFalse">
    <skipped/>
  </testcase> <!-- enable2 -->
  <system-out/>
</testsuite> <!-- TestNG.EnableTrueFalse -->
