<?xml version="1.0" encoding="UTF-8"?>
<!-- Generated by org.testng.reporters.JUnitReportReporter -->
<testsuite skipped="0" hostname="Dell123" name="TestNG.GroupExamplle" tests="5" failures="0" timestamp="2022-05-25T22:37:57 IST" time="0.031" errors="0">
  <testcase name="testCaseThree" time="0.005" classname="TestNG.GroupExamplle"/>
  <system-out/>
  <testcase name="testCaseFive" time="0.015" classname="TestNG.GroupExamplle"/>
  <system-out/>
  <testcase name="testCaseOne" time="0.005" classname="TestNG.GroupExamplle"/>
  <system-out/>
  <testcase name="testCaseTwo" time="0.006" classname="TestNG.GroupExamplle"/>
  <system-out/>
  <testcase name="testCaseFour" time="0.000" classname="TestNG.GroupExamplle"/>
  <system-out/>
</testsuite> <!-- TestNG.GroupExamplle -->
