<?xml version="1.0" encoding="UTF-8"?>
<!-- Generated by org.testng.reporters.JUnitReportReporter -->
<testsuite skipped="0" hostname="Dell123" name="TestNG.PriorityInTestNG" tests="3" failures="0" timestamp="2022-05-16T12:49:34 IST" time="0.017" errors="0">
  <testcase name="sendEmail" time="0.003" classname="TestNG.PriorityInTestNG"/>
  <system-out/>
  <testcase name="login" time="0.012" classname="TestNG.PriorityInTestNG"/>
  <system-out/>
  <testcase name="logout" time="0.002" classname="TestNG.PriorityInTestNG"/>
  <system-out/>
</testsuite> <!-- TestNG.PriorityInTestNG -->
