<?xml version="1.0" encoding="UTF-8"?>
<!-- Generated by org.testng.reporters.JUnitReportReporter -->
<testsuite skipped="0" hostname="Dell123" name="TestNG.RunCodeMultipleTime" tests="10" failures="0" timestamp="2022-05-16T12:40:24 IST" time="0.044" errors="0">
  <testcase name="RunCodeMultipleTime" time="0.002" classname="TestNG.RunCodeMultipleTime"/>
  <system-out/>
  <testcase name="RunCodeMultipleTime" time="0.003" classname="TestNG.RunCodeMultipleTime"/>
  <system-out/>
  <testcase name="RunCodeMultipleTime" time="0.005" classname="TestNG.RunCodeMultipleTime"/>
  <system-out/>
  <testcase name="RunCodeMultipleTime" time="0.004" classname="TestNG.RunCodeMultipleTime"/>
  <system-out/>
  <testcase name="RunCodeMultipleTime" time="0.004" classname="TestNG.RunCodeMultipleTime"/>
  <system-out/>
  <testcase name="RunCodeMultipleTime" time="0.011" classname="TestNG.RunCodeMultipleTime"/>
  <system-out/>
  <testcase name="RunCodeMultipleTime" time="0.003" classname="TestNG.RunCodeMultipleTime"/>
  <system-out/>
  <testcase name="RunCodeMultipleTime" time="0.006" classname="TestNG.RunCodeMultipleTime"/>
  <system-out/>
  <testcase name="RunCodeMultipleTime" time="0.004" classname="TestNG.RunCodeMultipleTime"/>
  <system-out/>
  <testcase name="RunCodeMultipleTime" time="0.002" classname="TestNG.RunCodeMultipleTime"/>
  <system-out/>
</testsuite> <!-- TestNG.RunCodeMultipleTime -->
