<?xml version="1.0" encoding="UTF-8"?>
<!-- Generated by org.testng.reporters.JUnitReportReporter -->
<testsuite skipped="0" hostname="Dell123" name="TestNG.DescriptionInTestNG" tests="1" failures="0" timestamp="2022-05-16T13:35:05 IST" time="0.011" errors="0">
  <testcase name="logIn" time="0.011" classname="TestNG.DescriptionInTestNG"/>
  <system-out/>
</testsuite> <!-- TestNG.DescriptionInTestNG -->
