<?xml version="1.0" encoding="UTF-8"?>
<!-- Generated by org.testng.reporters.JUnitReportReporter -->
<testsuite skipped="0" hostname="Dell123" name="TestNG.BeforeTestAfterTest" tests="2" failures="0" timestamp="2022-05-21T18:52:16 IST" time="0.016" errors="0">
  <testcase name="VerifyLogIn" time="0.013" classname="TestNG.BeforeTestAfterTest"/>
  <system-out/>
  <testcase name="CreateTask" time="0.003" classname="TestNG.BeforeTestAfterTest"/>
  <system-out/>
</testsuite> <!-- TestNG.BeforeTestAfterTest -->
