<?xml version="1.0" encoding="UTF-8"?>
<!-- Generated by org.testng.reporters.JUnitReportReporter -->
<testsuite skipped="0" hostname="Dell123" name="TestNG.TimeOutInTestNG" tests="3" failures="0" timestamp="2023-06-12T12:10:23 IST" time="0.514" errors="0">
  <testcase name="logIn" time="0.002" classname="TestNG.TimeOutInTestNG"/>
  <system-out/>
  <testcase name="signIn" time="0.003" classname="TestNG.TimeOutInTestNG"/>
  <system-out/>
  <testcase name="checkNotification" time="0.509" classname="TestNG.TimeOutInTestNG"/>
  <system-out/>
</testsuite> <!-- TestNG.TimeOutInTestNG -->
