<?xml version="1.0" encoding="UTF-8"?>
<!-- Generated by org.testng.reporters.JUnitReportReporter -->
<testsuite skipped="0" hostname="Dell123" name="TestNG.GroupExamplle" tests="5" failures="0" timestamp="2023-06-12T12:10:23 IST" time="0.021" errors="0">
  <testcase name="testCaseThree" time="0.003" classname="TestNG.GroupExamplle"/>
  <system-out/>
  <testcase name="testCaseOne" time="0.004" classname="TestNG.GroupExamplle"/>
  <system-out/>
  <testcase name="testCaseTwo" time="0.004" classname="TestNG.GroupExamplle"/>
  <system-out/>
  <testcase name="testCaseFour" time="0.007" classname="TestNG.GroupExamplle"/>
  <system-out/>
  <testcase name="testCaseFive" time="0.003" classname="TestNG.GroupExamplle"/>
  <system-out/>
</testsuite> <!-- TestNG.GroupExamplle -->
