<?xml version="1.0" encoding="UTF-8"?>
<!-- Generated by org.testng.reporters.JUnitReportReporter -->
<testsuite skipped="0" hostname="Dell123" name="TestNG.DemoTestNG" tests="2" failures="0" timestamp="2022-05-15T18:10:06 IST" time="2.017" errors="0">
  <testcase name="TestCase1" time="2.011" classname="TestNG.DemoTestNG"/>
  <system-out/>
  <testcase name="TestCase2" time="0.006" classname="TestNG.DemoTestNG"/>
  <system-out/>
</testsuite> <!-- TestNG.DemoTestNG -->
