<?xml version="1.0" encoding="UTF-8"?>
<!-- Generated by org.testng.reporters.JUnitReportReporter -->
<testsuite skipped="0" hostname="Dell123" name="TestNG.ExceptionHandling" tests="3" failures="0" timestamp="2022-05-16T13:16:25 IST" time="0.015" errors="0">
  <testcase name="checkNotification" time="0.002" classname="TestNG.ExceptionHandling"/>
  <system-out/>
  <testcase name="signIn" time="0.011" classname="TestNG.ExceptionHandling"/>
  <system-out/>
  <testcase name="logIn" time="0.002" classname="TestNG.ExceptionHandling"/>
  <system-out/>
</testsuite> <!-- TestNG.ExceptionHandling -->
