<?xml version="1.0" encoding="UTF-8"?>
<!-- Generated by org.testng.reporters.JUnitReportReporter -->
<testsuite skipped="0" hostname="Dell123" name="TestNG.DemoTestNG" tests="2" failures="0" timestamp="2023-06-12T12:10:23 IST" time="2.013" errors="0">
  <testcase name="TestCase1" time="2.008" classname="TestNG.DemoTestNG"/>
  <system-out/>
  <testcase name="TestCase2" time="0.005" classname="TestNG.DemoTestNG"/>
  <system-out/>
</testsuite> <!-- TestNG.DemoTestNG -->
