<?xml version="1.0" encoding="UTF-8"?>
<!-- Generated by org.testng.reporters.JUnitReportReporter -->
<testsuite skipped="0" hostname="Dell123" name="DDTByShaileshSir.ExcellReadByYouTube" tests="1" failures="0" timestamp="2022-07-04T23:45:20 IST" time="1.825" errors="0">
  <testcase name="ExcelRead" time="1.825" classname="DDTByShaileshSir.ExcellReadByYouTube"/>
  <system-out/>
</testsuite> <!-- DDTByShaileshSir.ExcellReadByYouTube -->
