<?xml version="1.0" encoding="UTF-8"?>
<!-- Generated by org.testng.reporters.JUnitReportReporter -->
<testsuite skipped="0" hostname="Dell123" name="Day7.Authentication" tests="1" failures="0" timestamp="2023-08-22T12:56:39 IST" time="4.033" errors="0">
  <testcase name="BariarTokenAuth" time="4.033" classname="Day7.Authentication"/>
  <system-out/>
</testsuite> <!-- Day7.Authentication -->
