<?xml version="1.0" encoding="UTF-8"?>
<!-- Generated by org.testng.reporters.JUnitReportReporter -->
<testsuite skipped="0" hostname="Dell123" name="Day3.LoggingDemo" tests="1" failures="0" timestamp="2023-08-16T22:50:45 IST" time="2.490" errors="0">
  <testcase name="getHeader" time="2.490" classname="Day3.LoggingDemo"/>
  <system-out/>
</testsuite> <!-- Day3.LoggingDemo -->
