<?xml version="1.0" encoding="UTF-8"?>
<!-- Generated by org.testng.reporters.JUnitReportReporter -->
<testsuite skipped="0" hostname="Dell123" name="Day6.SerializationandDeserialization" tests="1" failures="0" timestamp="2023-08-19T22:05:29 IST" time="0.260" errors="0">
  <testcase name="Deserialization" time="0.260" classname="Day6.SerializationandDeserialization"/>
  <system-out/>
</testsuite> <!-- Day6.SerializationandDeserialization -->
