<?xml version="1.0" encoding="UTF-8"?>
<!-- Generated by org.testng.reporters.JUnitReportReporter -->
<testsuite skipped="0" hostname="Dell123" name="Day7.Authentication" tests="1" failures="0" timestamp="2023-08-21T14:50:35 IST" time="3.942" errors="0">
  <testcase name="Oauth2" time="3.942" classname="Day7.Authentication"/>
  <system-out/>
</testsuite> <!-- Day7.Authentication -->
