<?xml version="1.0" encoding="UTF-8"?>
<!-- Generated by org.testng.reporters.JUnitReportReporter -->
<testsuite skipped="0" hostname="Dell123" name="PawanApi.Day" tests="3" failures="0" timestamp="2023-08-14T20:02:35 IST" time="9.140" errors="0">
  <testcase name="postRequestId" time="5.529" classname="PawanApi.Day"/>
  <system-out/>
  <testcase name="updateRequest" time="1.905" classname="PawanApi.Day"/>
  <system-out/>
  <testcase name="deleteRequest" time="1.706" classname="PawanApi.Day"/>
  <system-out/>
</testsuite> <!-- PawanApi.Day -->
