<?xml version="1.0" encoding="UTF-8"?>
<!-- Generated by org.testng.reporters.JUnitReportReporter -->
<testsuite skipped="0" hostname="Dell123" name="Day6.JsonSchemaValidation" tests="1" failures="0" timestamp="2023-08-19T19:16:42 IST" time="8.927" errors="0">
  <testcase name="getRequest" time="8.927" classname="Day6.JsonSchemaValidation"/>
  <system-out/>
</testsuite> <!-- Day6.JsonSchemaValidation -->
