<?xml version="1.0" encoding="UTF-8"?>
<!-- Generated by org.testng.reporters.JUnitReportReporter -->
<testsuite skipped="0" hostname="Dell123" name="Day4.ParsingJsonResponseData" tests="1" failures="0" timestamp="2023-08-19T18:34:14 IST" time="7.415" errors="0">
  <testcase name="get" time="7.415" classname="Day4.ParsingJsonResponseData"/>
  <system-out/>
</testsuite> <!-- Day4.ParsingJsonResponseData -->
