<?xml version="1.0" encoding="UTF-8"?>
<!-- Generated by org.testng.reporters.JUnitReportReporter -->
<testsuite skipped="0" hostname="Dell123" name="Day3.PathandQueryParameter" tests="1" failures="0" timestamp="2023-08-16T19:40:40 IST" time="4.698" errors="0">
  <testcase name="postRequest" time="4.698" classname="Day3.PathandQueryParameter"/>
  <system-out/>
</testsuite> <!-- Day3.PathandQueryParameter -->
