<?xml version="1.0" encoding="UTF-8"?>
<!-- Generated by org.testng.reporters.JUnitReportReporter -->
<testsuite skipped="0" hostname="Dell123" name="Day8.GetRequest" tests="1" failures="0" timestamp="2023-08-22T16:00:54 IST" time="4.897" errors="0">
  <testcase name="getRequest" time="4.897" classname="Day8.GetRequest"/>
  <system-out/>
</testsuite> <!-- Day8.GetRequest -->
