<?xml version="1.0" encoding="UTF-8"?>
<!-- Generated by org.testng.reporters.JUnitReportReporter -->
<testsuite skipped="2" hostname="Dell123" name="PawanApi.Day1" tests="5" failures="0" timestamp="2023-06-12T12:43:42 IST" time="7.059" errors="0">
  <testcase name="createUser1" time="4.299" classname="PawanApi.Day1"/>
  <system-out/>
  <testcase name="updateUser" time="1.220" classname="PawanApi.Day1"/>
  <system-out/>
  <testcase name="deleteUser" time="1.540" classname="PawanApi.Day1"/>
  <system-out/>
  <testcase name="HTTPRequest" classname="PawanApi.Day1">
    <skipped/>
  </testcase> <!-- HTTPRequest -->
  <system-out/>
  <testcase name="createUser" classname="PawanApi.Day1">
    <skipped/>
  </testcase> <!-- createUser -->
  <system-out/>
</testsuite> <!-- PawanApi.Day1 -->
