<?xml version="1.0" encoding="UTF-8"?>
<!-- Generated by org.testng.reporters.JUnitReportReporter -->
<testsuite skipped="0" hostname="Dell123" name="Day8.Day8" tests="1" failures="0" timestamp="2023-08-22T13:59:48 IST" time="5.411" errors="0">
  <testcase name="postRequest" time="5.411" classname="Day8.Day8"/>
  <system-out/>
</testsuite> <!-- Day8.Day8 -->
