<?xml version="1.0" encoding="UTF-8"?>
<!-- Generated by org.testng.reporters.JUnitReportReporter -->
<testsuite skipped="0" hostname="Dell123" name="Day3.Cookies" tests="1" failures="0" timestamp="2023-08-17T10:43:45 IST" time="3.904" errors="0">
  <testcase name="gettcookiesInfo" time="3.904" classname="Day3.Cookies"/>
  <system-out/>
</testsuite> <!-- Day3.Cookies -->
