<?xml version="1.0" encoding="UTF-8"?>
<!-- Generated by org.testng.reporters.JUnitReportReporter -->
<testsuite skipped="0" hostname="Dell123" name="PawanApi.TestApi" tests="1" failures="0" timestamp="2023-08-15T11:02:57 IST" time="7.184" errors="0">
  <testcase name="DelaydResponse" time="7.184" classname="PawanApi.TestApi"/>
  <system-out/>
</testsuite> <!-- PawanApi.TestApi -->
