<?xml version="1.0" encoding="UTF-8"?>
<!-- Generated by org.testng.reporters.JUnitReportReporter -->
<testsuite skipped="0" hostname="Dell123" name="Day6.Serialization" tests="1" failures="0" timestamp="2023-08-19T21:51:49 IST" time="0.374" errors="0">
  <testcase name="Serialization" time="0.374" classname="Day6.Serialization"/>
  <system-out/>
</testsuite> <!-- Day6.Serialization -->
