<?xml version="1.0" encoding="UTF-8"?>
<!-- Generated by org.testng.reporters.JUnitReportReporter -->
<testsuite skipped="0" hostname="Dell123" name="GoogleApi.getGoogle" tests="1" failures="0" timestamp="2023-08-15T22:40:57 IST" time="3.068" errors="0">
  <testcase name="getRequest" time="3.068" classname="GoogleApi.getGoogle"/>
  <system-out/>
</testsuite> <!-- GoogleApi.getGoogle -->
