<?xml version="1.0" encoding="UTF-8"?>
<!-- Generated by org.testng.reporters.JUnitReportReporter -->
<testsuite skipped="0" hostname="Dell123" name="Day7.FakerDataGeneration" tests="1" failures="0" timestamp="2023-08-21T19:56:50 IST" time="0.366" errors="0">
  <testcase name="BasicAuthentication" time="0.366" classname="Day7.FakerDataGeneration"/>
  <system-out/>
</testsuite> <!-- Day7.FakerDataGeneration -->
