<?xml version="1.0" encoding="UTF-8"?>
<!-- Generated by org.testng.reporters.JUnitReportReporter -->
<testsuite skipped="0" hostname="Dell123" name="Day8.deleteRequest" tests="1" failures="0" timestamp="2023-08-22T16:00:54 IST" time="1.814" errors="0">
  <testcase name="deleteRequest" time="1.814" classname="Day8.deleteRequest"/>
  <system-out/>
</testsuite> <!-- Day8.deleteRequest -->
