<?xml version="1.0" encoding="UTF-8"?>
<!-- Generated by org.testng.reporters.JUnitReportReporter -->
<testsuite skipped="0" hostname="Dell123" name="Day8.postRequest" tests="1" failures="0" timestamp="2023-08-22T16:00:54 IST" time="5.737" errors="0">
  <testcase name="postRequest" time="5.737" classname="Day8.postRequest"/>
  <system-out/>
</testsuite> <!-- Day8.postRequest -->
