<?xml version="1.0" encoding="UTF-8"?>
<!-- Generated by org.testng.reporters.JUnitReportReporter -->
<testsuite skipped="0" hostname="Dell123" name="com.intBanking.testCases.TC_CalculateAllBrokanLinkFromThePage" tests="1" failures="0" timestamp="2023-05-03T15:10:29 IST" time="137.267" errors="0">
  <testcase name="brokenLink" time="137.267" classname="com.intBanking.testCases.TC_CalculateAllBrokanLinkFromThePage"/>
  <system-out/>
</testsuite> <!-- com.intBanking.testCases.TC_CalculateAllBrokanLinkFromThePage -->
