<?xml version="1.0" encoding="UTF-8"?>
<!-- Generated by org.testng.reporters.JUnitReportReporter -->
<testsuite skipped="0" hostname="Dell123" name="com.intBanking.testCases.TC_NewAccTest" tests="1" failures="0" timestamp="2023-05-02T15:07:36 IST" time="38.505" errors="0">
  <testcase name="newAccount" time="38.505" classname="com.intBanking.testCases.TC_NewAccTest"/>
  <system-out/>
</testsuite> <!-- com.intBanking.testCases.TC_NewAccTest -->
