<?xml version="1.0" encoding="UTF-8"?>
<!-- Generated by org.testng.reporters.JUnitReportReporter -->
<testsuite skipped="0" hostname="Dell123" name="com.intBanking.testCases.TestDemo" tests="1" failures="0" timestamp="2023-04-29T22:08:35 IST" time="14.956" errors="0">
  <testcase name="deomLogin" time="14.956" classname="com.intBanking.testCases.TestDemo"/>
  <system-out/>
</testsuite> <!-- com.intBanking.testCases.TestDemo -->
