<?xml version="1.0" encoding="UTF-8"?>
<!-- Generated by org.testng.reporters.JUnitReportReporter -->
<testsuite skipped="0" hostname="Dell123" name="com.intBanking.testCases.TC_EditCustTest" tests="1" failures="0" timestamp="2023-05-02T15:07:36 IST" time="24.217" errors="0">
  <testcase name="editCustId" time="24.217" classname="com.intBanking.testCases.TC_EditCustTest"/>
  <system-out/>
</testsuite> <!-- com.intBanking.testCases.TC_EditCustTest -->
